03:42:35  >>> Cycle: 2026-04-05 03:42:35 — 14 account(s)
03:42:35  >>> [1/14]
03:42:35  ┌──────────────────────────────────────────
03:42:35  │  Account : Attiaimran
03:42:35    Token valid — expires in 6d 22h
03:42:35    Attempting to claim coins...
03:42:37    Server [429]: {"success":false,"message":"Too early to claim. Wait 23h 1m.","data":[]}
03:42:37    ⏳  ALREADY CLAIMED — next claim in 23h 1m
03:42:37  └──────────────────────────────────────────
03:42:37  >>> [2/14]
03:42:37  ┌──────────────────────────────────────────
03:42:37  │  Account : Emillywills
03:42:37    Token valid — expires in 6d 23h
03:42:37    Attempting to claim coins...
03:42:38    Server [429]: {"success":false,"message":"Too early to claim. Wait 23h 15m.","data":[]}
03:42:38    ⏳  ALREADY CLAIMED — next claim in 23h 15m
03:42:38  └──────────────────────────────────────────
03:42:38  >>> [3/14]
03:42:38  ┌──────────────────────────────────────────
03:42:38  │  Account : chat.gpt2759@gmail.com
03:42:38    Token valid — expires in 6d 23h
03:42:38    Attempting to claim coins...
03:42:39    Server [429]: {"success":false,"message":"Too early to claim. Wait 22h 24m.","data":[]}
03:42:39    ⏳  ALREADY CLAIMED — next claim in 22h 24m
03:42:39  └──────────────────────────────────────────
03:42:39  >>> [4/14]
03:42:39  ┌──────────────────────────────────────────
03:42:39  │  Account : lexikent(aliakram26)
03:42:39    Token valid — expires in 6d 23h
03:42:39    Attempting to claim coins...
03:42:40    Server [429]: {"success":false,"message":"Too early to claim. Wait 23h 37m.","data":[]}
03:42:40    ⏳  ALREADY CLAIMED — next claim in 23h 37m
03:42:40  └──────────────────────────────────────────
03:42:40  >>> [5/14]
03:42:40  ┌──────────────────────────────────────────
03:42:40  │  Account : 
03:42:40  │  ✘  No token — skipping.
03:42:40  └──────────────────────────────────────────
03:42:40  >>> [6/14]
03:42:40  ┌──────────────────────────────────────────
03:42:40  │  Account : 
03:42:40  │  ✘  No token — skipping.
03:42:40  └──────────────────────────────────────────
03:42:40  >>> [7/14]
03:42:40  ┌──────────────────────────────────────────
03:42:40  │  Account : 
03:42:40  │  ✘  No token — skipping.
03:42:40  └──────────────────────────────────────────
03:42:40  >>> [8/14]
03:42:40  ┌──────────────────────────────────────────
03:42:40  │  Account : 
03:42:40  │  ✘  No token — skipping.
03:42:40  └──────────────────────────────────────────
03:42:40  >>> [9/14]
03:42:40  ┌──────────────────────────────────────────
03:42:40  │  Account : 
03:42:40  │  ✘  No token — skipping.
03:42:40  └──────────────────────────────────────────
03:42:40  >>> [10/14]
03:42:40  ┌──────────────────────────────────────────
03:42:40  │  Account : 
03:42:40  │  ✘  No token — skipping.
03:42:40  └──────────────────────────────────────────
03:42:40  >>> [11/14]
03:42:40  ┌──────────────────────────────────────────
03:42:40  │  Account : 
03:42:40  │  ✘  No token — skipping.
03:42:40  └──────────────────────────────────────────
03:42:40  >>> [12/14]
03:42:40  ┌──────────────────────────────────────────
03:42:40  │  Account : 
03:42:40  │  ✘  No token — skipping.
03:42:40  └──────────────────────────────────────────
03:42:40  >>> [13/14]
03:42:40  ┌──────────────────────────────────────────
03:42:40  │  Account : 
03:42:40  │  ✘  No token — skipping.
03:42:40  └──────────────────────────────────────────
03:42:40  >>> [14/14]
03:42:40  ┌──────────────────────────────────────────
03:42:40  │  Account : 
03:42:40  │  ✘  No token — skipping.
03:42:40  └──────────────────────────────────────────
03:42:40  >>> All accounts processed.
03:42:40  >>> Next cycle in 24 hours. Press Ctrl+C to stop.
